<?xml version="1.0" encoding="UTF-8"?>
<testsuite name="e2e.FindImageTests.FindImageTests" tests="1" skipped="0" failures="0" errors="0" timestamp="2019-12-30T02:42:49" hostname="SDGL160adabd1.corp.intuit.net" time="0.537">
  <properties/>
  <testcase name="testApiCall" classname="e2e.FindImageTests.FindImageTests" time="0.537"/>
  <system-out><![CDATA[18:42:46.982 [Test worker] DEBUG org.springframework.test.context.junit4.SpringJUnit4ClassRunner - SpringJUnit4ClassRunner constructor called with [class e2e.FindImageTests.FindImageTests]
18:42:46.989 [Test worker] DEBUG org.springframework.test.context.BootstrapUtils - Instantiating CacheAwareContextLoaderDelegate from class [org.springframework.test.context.cache.DefaultCacheAwareContextLoaderDelegate]
18:42:46.996 [Test worker] DEBUG org.springframework.test.context.BootstrapUtils - Instantiating BootstrapContext using constructor [public org.springframework.test.context.support.DefaultBootstrapContext(java.lang.Class,org.springframework.test.context.CacheAwareContextLoaderDelegate)]
18:42:47.030 [Test worker] DEBUG org.springframework.test.context.BootstrapUtils - Instantiating TestContextBootstrapper for test class [e2e.FindImageTests.FindImageTests] from class [org.springframework.boot.test.context.SpringBootTestContextBootstrapper]
18:42:47.051 [Test worker] DEBUG org.springframework.test.context.support.AbstractContextLoader - Did not detect default resource location for test class [e2e.FindImageTests.FindImageTests]: class path resource [e2e/FindImageTests/FindImageTests-context.xml] does not exist
18:42:47.052 [Test worker] DEBUG org.springframework.test.context.support.AbstractContextLoader - Did not detect default resource location for test class [e2e.FindImageTests.FindImageTests]: class path resource [e2e/FindImageTests/FindImageTestsContext.groovy] does not exist
18:42:47.052 [Test worker] INFO org.springframework.test.context.support.AbstractContextLoader - Could not detect default resource locations for test class [e2e.FindImageTests.FindImageTests]: no resource found for suffixes {-context.xml, Context.groovy}.
18:42:47.097 [Test worker] DEBUG org.springframework.test.context.support.ActiveProfilesUtils - Could not find an 'annotation declaring class' for annotation type [org.springframework.test.context.ActiveProfiles] and class [e2e.FindImageTests.FindImageTests]
18:42:47.225 [Test worker] DEBUG org.springframework.boot.test.context.SpringBootTestContextBootstrapper - @TestExecutionListeners is not present for class [e2e.FindImageTests.FindImageTests]: using defaults.
18:42:47.226 [Test worker] INFO org.springframework.boot.test.context.SpringBootTestContextBootstrapper - Loaded default TestExecutionListener class names from location [META-INF/spring.factories]: [org.springframework.boot.test.autoconfigure.restdocs.RestDocsTestExecutionListener, org.springframework.boot.test.autoconfigure.web.client.MockRestServiceServerResetTestExecutionListener, org.springframework.boot.test.autoconfigure.web.servlet.MockMvcPrintOnlyOnFailureTestExecutionListener, org.springframework.boot.test.autoconfigure.web.servlet.WebDriverTestExecutionListener, org.springframework.boot.test.mock.mockito.MockitoTestExecutionListener, org.springframework.boot.test.mock.mockito.ResetMocksTestExecutionListener, org.springframework.test.context.web.ServletTestExecutionListener, org.springframework.test.context.support.DirtiesContextBeforeModesTestExecutionListener, org.springframework.test.context.support.DependencyInjectionTestExecutionListener, org.springframework.test.context.support.DirtiesContextTestExecutionListener, org.springframework.test.context.transaction.TransactionalTestExecutionListener, org.springframework.test.context.jdbc.SqlScriptsTestExecutionListener, org.springframework.test.context.event.EventPublishingTestExecutionListener]
18:42:47.237 [Test worker] DEBUG org.springframework.boot.test.context.SpringBootTestContextBootstrapper - Skipping candidate TestExecutionListener [org.springframework.test.context.transaction.TransactionalTestExecutionListener] due to a missing dependency. Specify custom listener classes or make the default listener classes and their required dependencies available. Offending class: [org/springframework/transaction/interceptor/TransactionAttributeSource]
18:42:47.238 [Test worker] DEBUG org.springframework.boot.test.context.SpringBootTestContextBootstrapper - Skipping candidate TestExecutionListener [org.springframework.test.context.jdbc.SqlScriptsTestExecutionListener] due to a missing dependency. Specify custom listener classes or make the default listener classes and their required dependencies available. Offending class: [org/springframework/transaction/interceptor/TransactionAttribute]
18:42:47.238 [Test worker] INFO org.springframework.boot.test.context.SpringBootTestContextBootstrapper - Using TestExecutionListeners: [org.springframework.test.context.web.ServletTestExecutionListener@2347b405, org.springframework.test.context.support.DirtiesContextBeforeModesTestExecutionListener@30076d43, org.springframework.boot.test.mock.mockito.MockitoTestExecutionListener@3f54bdf0, org.springframework.boot.test.autoconfigure.SpringBootDependencyInjectionTestExecutionListener@78248b85, org.springframework.test.context.support.DirtiesContextTestExecutionListener@665def18, org.springframework.test.context.event.EventPublishingTestExecutionListener@6dbbfbe5, org.springframework.boot.test.autoconfigure.restdocs.RestDocsTestExecutionListener@771a609f, org.springframework.boot.test.autoconfigure.web.client.MockRestServiceServerResetTestExecutionListener@2bbea55a, org.springframework.boot.test.autoconfigure.web.servlet.MockMvcPrintOnlyOnFailureTestExecutionListener@2212aa1a, org.springframework.boot.test.autoconfigure.web.servlet.WebDriverTestExecutionListener@1044096e, org.springframework.boot.test.mock.mockito.ResetMocksTestExecutionListener@347e9d61]
18:42:47.242 [Test worker] DEBUG org.springframework.test.annotation.ProfileValueUtils - Retrieved @ProfileValueSourceConfiguration [null] for test class [e2e.FindImageTests.FindImageTests]
18:42:47.243 [Test worker] DEBUG org.springframework.test.annotation.ProfileValueUtils - Retrieved ProfileValueSource type [class org.springframework.test.annotation.SystemProfileValueSource] for class [e2e.FindImageTests.FindImageTests]
18:42:47.244 [Test worker] DEBUG org.springframework.test.annotation.ProfileValueUtils - Retrieved @ProfileValueSourceConfiguration [null] for test class [e2e.FindImageTests.FindImageTests]
18:42:47.244 [Test worker] DEBUG org.springframework.test.annotation.ProfileValueUtils - Retrieved ProfileValueSource type [class org.springframework.test.annotation.SystemProfileValueSource] for class [e2e.FindImageTests.FindImageTests]
18:42:47.249 [Test worker] DEBUG org.springframework.test.context.support.AbstractDirtiesContextTestExecutionListener - Before test class: context [DefaultTestContext@2dee5991 testClass = FindImageTests, testInstance = [null], testMethod = [null], testException = [null], mergedContextConfiguration = [WebMergedContextConfiguration@7c473963 testClass = FindImageTests, locations = '{}', classes = '{class src.Application}', contextInitializerClasses = '[]', activeProfiles = '{}', propertySourceLocations = '{}', propertySourceProperties = '{org.springframework.boot.test.context.SpringBootTestContextBootstrapper=true, server.port=0}', contextCustomizers = set[org.springframework.boot.test.autoconfigure.properties.PropertyMappingContextCustomizer@0, org.springframework.boot.test.autoconfigure.web.servlet.WebDriverContextCustomizerFactory$Customizer@fae2e88, org.springframework.boot.test.context.filter.ExcludeFilterContextCustomizer@1e2bf6fb, org.springframework.boot.test.json.DuplicateJsonObjectContextCustomizerFactory$DuplicateJsonObjectContextCustomizer@58041b67, org.springframework.boot.test.mock.mockito.MockitoContextCustomizer@0, org.springframework.boot.test.web.client.TestRestTemplateContextCustomizer@73fc2d77], resourceBasePath = 'src/main/webapp', contextLoader = 'org.springframework.boot.test.context.SpringBootContextLoader', parent = [null]], attributes = map['org.springframework.test.context.web.ServletTestExecutionListener.activateListener' -> false]], class annotated with @DirtiesContext [false] with mode [null].
18:42:47.251 [Test worker] DEBUG org.springframework.test.annotation.ProfileValueUtils - Retrieved @ProfileValueSourceConfiguration [null] for test class [e2e.FindImageTests.FindImageTests]
18:42:47.251 [Test worker] DEBUG org.springframework.test.annotation.ProfileValueUtils - Retrieved ProfileValueSource type [class org.springframework.test.annotation.SystemProfileValueSource] for class [e2e.FindImageTests.FindImageTests]
18:42:47.255 [Test worker] DEBUG org.springframework.test.context.support.DependencyInjectionTestExecutionListener - Performing dependency injection for test context [[DefaultTestContext@2dee5991 testClass = FindImageTests, testInstance = e2e.FindImageTests.FindImageTests@f71a505, testMethod = [null], testException = [null], mergedContextConfiguration = [WebMergedContextConfiguration@7c473963 testClass = FindImageTests, locations = '{}', classes = '{class src.Application}', contextInitializerClasses = '[]', activeProfiles = '{}', propertySourceLocations = '{}', propertySourceProperties = '{org.springframework.boot.test.context.SpringBootTestContextBootstrapper=true, server.port=0}', contextCustomizers = set[org.springframework.boot.test.autoconfigure.properties.PropertyMappingContextCustomizer@0, org.springframework.boot.test.autoconfigure.web.servlet.WebDriverContextCustomizerFactory$Customizer@fae2e88, org.springframework.boot.test.context.filter.ExcludeFilterContextCustomizer@1e2bf6fb, org.springframework.boot.test.json.DuplicateJsonObjectContextCustomizerFactory$DuplicateJsonObjectContextCustomizer@58041b67, org.springframework.boot.test.mock.mockito.MockitoContextCustomizer@0, org.springframework.boot.test.web.client.TestRestTemplateContextCustomizer@73fc2d77], resourceBasePath = 'src/main/webapp', contextLoader = 'org.springframework.boot.test.context.SpringBootContextLoader', parent = [null]], attributes = map['org.springframework.test.context.web.ServletTestExecutionListener.activateListener' -> false]]].
18:42:47.282 [Test worker] DEBUG org.springframework.test.context.support.TestPropertySourceUtils - Adding inlined properties to environment: {spring.jmx.enabled=false, org.springframework.boot.test.context.SpringBootTestContextBootstrapper=true, server.port=0}

  .   ____          _            __ _ _
 /\\ / ___'_ __ _ _(_)_ __  __ _ \ \ \ \
( ( )\___ | '_ | '_| | '_ \/ _` | \ \ \ \
 \\/  ___)| |_)| | | | | || (_| |  ) ) ) )
  '  |____| .__|_| |_|_| |_\__, | / / / /
 =========|_|==============|___/=/_/_/_/
 :: Spring Boot ::        (v2.2.2.RELEASE)

2019-12-29 18:42:47.683  INFO 49415 --- [    Test worker] e2e.FindImageTests.FindImageTests        : Starting FindImageTests on SDGL160adabd1.corp.intuit.net with PID 49415 (started by tnguyen38 in /Users/tnguyen38/Developer/github/catReader)
2019-12-29 18:42:47.685  INFO 49415 --- [    Test worker] e2e.FindImageTests.FindImageTests        : No active profile set, falling back to default profiles: default
2019-12-29 18:42:48.796  INFO 49415 --- [    Test worker] o.s.b.w.embedded.tomcat.TomcatWebServer  : Tomcat initialized with port(s): 0 (http)
2019-12-29 18:42:48.808  INFO 49415 --- [    Test worker] o.apache.catalina.core.StandardService   : Starting service [Tomcat]
2019-12-29 18:42:48.809  INFO 49415 --- [    Test worker] org.apache.catalina.core.StandardEngine  : Starting Servlet engine: [Apache Tomcat/9.0.29]
2019-12-29 18:42:48.894  INFO 49415 --- [    Test worker] o.a.c.c.C.[Tomcat].[localhost].[/]       : Initializing Spring embedded WebApplicationContext
2019-12-29 18:42:48.895  INFO 49415 --- [    Test worker] o.s.web.context.ContextLoader            : Root WebApplicationContext: initialization completed in 1186 ms
2019-12-29 18:42:49.169  INFO 49415 --- [    Test worker] o.s.s.concurrent.ThreadPoolTaskExecutor  : Initializing ExecutorService 'applicationTaskExecutor'
2019-12-29 18:42:49.407  INFO 49415 --- [    Test worker] o.s.b.w.embedded.tomcat.TomcatWebServer  : Tomcat started on port(s): 65354 (http) with context path ''
2019-12-29 18:42:49.411  INFO 49415 --- [    Test worker] e2e.FindImageTests.FindImageTests        : Started FindImageTests in 2.126 seconds (JVM running for 3.04)
2019-12-29 18:42:49.851  INFO 49415 --- [o-auto-1-exec-1] o.a.c.c.C.[Tomcat].[localhost].[/]       : Initializing Spring DispatcherServlet 'dispatcherServlet'
2019-12-29 18:42:49.852  INFO 49415 --- [o-auto-1-exec-1] o.s.web.servlet.DispatcherServlet        : Initializing Servlet 'dispatcherServlet'
2019-12-29 18:42:49.865  INFO 49415 --- [o-auto-1-exec-1] o.s.web.servlet.DispatcherServlet        : Completed initialization in 13 ms
2019-12-29 18:42:49.899  INFO 49415 --- [o-auto-1-exec-1] src.controller.ImageController           : Scanning requested image
2019-12-29 18:42:49.899  INFO 49415 --- [o-auto-1-exec-1] src.service.impl.ImageConverterImpl      : Successfully converted requested image body. width=2.0 height=1.0
2019-12-29 18:42:49.904  INFO 49415 --- [o-auto-1-exec-1] src.service.impl.ImageConverterImpl      : Successfully converted requested image body. width=15.0 height=15.0
2019-12-29 18:42:49.907 ERROR 49415 --- [o-auto-1-exec-1] s.controller.ExceptionHandlerController  : Error: errorCode=INVALID_IMAGE_SIZE, errorMessage=Request body is smaller than the requested scan image
]]></system-out>
  <system-err><![CDATA[]]></system-err>
</testsuite>
