<?xml version="1.0" encoding="UTF-8"?>
<testsuite name="src.controller.ImageControllerTest" tests="3" skipped="0" failures="0" errors="0" timestamp="2019-12-30T18:43:57" hostname="SDGL160adabd1.corp.intuit.net" time="0.063">
  <properties/>
  <testcase name="testExceptionThrown" classname="src.controller.ImageControllerTest" time="0.042"/>
  <testcase name="testFindTwoMatches" classname="src.controller.ImageControllerTest" time="0.013"/>
  <testcase name="testFindZeroMatches" classname="src.controller.ImageControllerTest" time="0.006"/>
  <system-out><![CDATA[2019-12-30 10:43:57.010  INFO 78469 --- [    Test worker] o.s.t.c.support.AbstractContextLoader    : Could not detect default resource locations for test class [src.controller.ImageControllerTest]: no resource found for suffixes {-context.xml, Context.groovy}.
2019-12-30 10:43:57.024  INFO 78469 --- [    Test worker] .b.t.a.w.s.WebMvcTestContextBootstrapper : Loaded default TestExecutionListener class names from location [META-INF/spring.factories]: [org.springframework.boot.test.autoconfigure.restdocs.RestDocsTestExecutionListener, org.springframework.boot.test.autoconfigure.web.client.MockRestServiceServerResetTestExecutionListener, org.springframework.boot.test.autoconfigure.web.servlet.MockMvcPrintOnlyOnFailureTestExecutionListener, org.springframework.boot.test.autoconfigure.web.servlet.WebDriverTestExecutionListener, org.springframework.boot.test.mock.mockito.MockitoTestExecutionListener, org.springframework.boot.test.mock.mockito.ResetMocksTestExecutionListener, org.springframework.test.context.web.ServletTestExecutionListener, org.springframework.test.context.support.DirtiesContextBeforeModesTestExecutionListener, org.springframework.test.context.support.DependencyInjectionTestExecutionListener, org.springframework.test.context.support.DirtiesContextTestExecutionListener, org.springframework.test.context.transaction.TransactionalTestExecutionListener, org.springframework.test.context.jdbc.SqlScriptsTestExecutionListener, org.springframework.test.context.event.EventPublishingTestExecutionListener]
2019-12-30 10:43:57.026  INFO 78469 --- [    Test worker] .b.t.a.w.s.WebMvcTestContextBootstrapper : Using TestExecutionListeners: [org.springframework.test.context.web.ServletTestExecutionListener@1baac0c9, org.springframework.test.context.support.DirtiesContextBeforeModesTestExecutionListener@4b302a15, org.springframework.boot.test.mock.mockito.MockitoTestExecutionListener@6198ac4a, org.springframework.boot.test.autoconfigure.SpringBootDependencyInjectionTestExecutionListener@7053cf4f, org.springframework.test.context.support.DirtiesContextTestExecutionListener@3db2e504, org.springframework.test.context.event.EventPublishingTestExecutionListener@77980025, org.springframework.boot.test.autoconfigure.restdocs.RestDocsTestExecutionListener@53c60860, org.springframework.boot.test.autoconfigure.web.client.MockRestServiceServerResetTestExecutionListener@3d018ce0, org.springframework.boot.test.autoconfigure.web.servlet.MockMvcPrintOnlyOnFailureTestExecutionListener@1731d481, org.springframework.boot.test.autoconfigure.web.servlet.WebDriverTestExecutionListener@201f776a, org.springframework.boot.test.mock.mockito.ResetMocksTestExecutionListener@4379fe01]

  .   ____          _            __ _ _
 /\\ / ___'_ __ _ _(_)_ __  __ _ \ \ \ \
( ( )\___ | '_ | '_| | '_ \/ _` | \ \ \ \
 \\/  ___)| |_)| | | | | || (_| |  ) ) ) )
  '  |____| .__|_| |_|_| |_\__, | / / / /
 =========|_|==============|___/=/_/_/_/
 :: Spring Boot ::        (v2.2.2.RELEASE)

2019-12-30 10:43:57.052  INFO 78469 --- [    Test worker] src.controller.ImageControllerTest       : Starting ImageControllerTest on SDGL160adabd1.corp.intuit.net with PID 78469 (started by tnguyen38 in /Users/tnguyen38/Developer/github/catReader)
2019-12-30 10:43:57.053  INFO 78469 --- [    Test worker] src.controller.ImageControllerTest       : No active profile set, falling back to default profiles: default
2019-12-30 10:43:57.568  INFO 78469 --- [    Test worker] o.s.s.concurrent.ThreadPoolTaskExecutor  : Initializing ExecutorService 'applicationTaskExecutor'
2019-12-30 10:43:57.685  INFO 78469 --- [    Test worker] o.s.b.t.m.w.SpringBootMockServletContext : Initializing Spring TestDispatcherServlet ''
2019-12-30 10:43:57.685  INFO 78469 --- [    Test worker] o.s.t.web.servlet.TestDispatcherServlet  : Initializing Servlet ''
2019-12-30 10:43:57.687  INFO 78469 --- [    Test worker] o.s.t.web.servlet.TestDispatcherServlet  : Completed initialization in 2 ms
2019-12-30 10:43:57.700  INFO 78469 --- [    Test worker] src.controller.ImageControllerTest       : Started ImageControllerTest in 0.667 seconds (JVM running for 4.032)
2019-12-30 10:43:57.727  INFO 78469 --- [    Test worker] src.controller.ImageController           : Searching requested image
2019-12-30 10:43:57.732 ERROR 78469 --- [    Test worker] s.controller.ExceptionHandlerController  : Error: errorCode=INTERNAL_SERVER_ERROR, errorMessage=Error Message
2019-12-30 10:43:57.751  INFO 78469 --- [    Test worker] src.controller.ImageController           : Searching requested image
2019-12-30 10:43:57.751  INFO 78469 --- [    Test worker] src.controller.ImageController           : Finished searching for image
2019-12-30 10:43:57.762  INFO 78469 --- [    Test worker] src.controller.ImageController           : Searching requested image
2019-12-30 10:43:57.763  INFO 78469 --- [    Test worker] src.controller.ImageController           : Finished searching for image
]]></system-out>
  <system-err><![CDATA[]]></system-err>
</testsuite>
