<?xml version="1.0" encoding="UTF-8"?>
<testsuite name="src.controller.ImageControllerTest" tests="3" skipped="0" failures="0" errors="0" timestamp="2020-01-08T17:26:20" hostname="SDGL160adabd1.corp.intuit.net" time="0.063">
  <properties/>
  <testcase name="testExceptionThrown" classname="src.controller.ImageControllerTest" time="0.044"/>
  <testcase name="testFindTwoMatches" classname="src.controller.ImageControllerTest" time="0.012"/>
  <testcase name="testFindZeroMatches" classname="src.controller.ImageControllerTest" time="0.005"/>
  <system-out><![CDATA[2020-01-08 09:26:19.636  INFO 35488 --- [    Test worker] o.s.t.c.support.AbstractContextLoader    : Could not detect default resource locations for test class [src.controller.ImageControllerTest]: no resource found for suffixes {-context.xml, Context.groovy}.
2020-01-08 09:26:19.651  INFO 35488 --- [    Test worker] .b.t.a.w.s.WebMvcTestContextBootstrapper : Loaded default TestExecutionListener class names from location [META-INF/spring.factories]: [org.springframework.boot.test.autoconfigure.restdocs.RestDocsTestExecutionListener, org.springframework.boot.test.autoconfigure.web.client.MockRestServiceServerResetTestExecutionListener, org.springframework.boot.test.autoconfigure.web.servlet.MockMvcPrintOnlyOnFailureTestExecutionListener, org.springframework.boot.test.autoconfigure.web.servlet.WebDriverTestExecutionListener, org.springframework.boot.test.mock.mockito.MockitoTestExecutionListener, org.springframework.boot.test.mock.mockito.ResetMocksTestExecutionListener, org.springframework.test.context.web.ServletTestExecutionListener, org.springframework.test.context.support.DirtiesContextBeforeModesTestExecutionListener, org.springframework.test.context.support.DependencyInjectionTestExecutionListener, org.springframework.test.context.support.DirtiesContextTestExecutionListener, org.springframework.test.context.transaction.TransactionalTestExecutionListener, org.springframework.test.context.jdbc.SqlScriptsTestExecutionListener, org.springframework.test.context.event.EventPublishingTestExecutionListener]
2020-01-08 09:26:19.652  INFO 35488 --- [    Test worker] .b.t.a.w.s.WebMvcTestContextBootstrapper : Using TestExecutionListeners: [org.springframework.test.context.web.ServletTestExecutionListener@6e62705, org.springframework.test.context.support.DirtiesContextBeforeModesTestExecutionListener@458dc94e, org.springframework.boot.test.mock.mockito.MockitoTestExecutionListener@ef73830, org.springframework.boot.test.autoconfigure.SpringBootDependencyInjectionTestExecutionListener@ca0d908, org.springframework.test.context.support.DirtiesContextTestExecutionListener@3b490996, org.springframework.test.context.event.EventPublishingTestExecutionListener@10257008, org.springframework.boot.test.autoconfigure.restdocs.RestDocsTestExecutionListener@2724ec84, org.springframework.boot.test.autoconfigure.web.client.MockRestServiceServerResetTestExecutionListener@2d4609f1, org.springframework.boot.test.autoconfigure.web.servlet.MockMvcPrintOnlyOnFailureTestExecutionListener@5e30a076, org.springframework.boot.test.autoconfigure.web.servlet.WebDriverTestExecutionListener@652e2e88, org.springframework.boot.test.mock.mockito.ResetMocksTestExecutionListener@65eeae65]

  .   ____          _            __ _ _
 /\\ / ___'_ __ _ _(_)_ __  __ _ \ \ \ \
( ( )\___ | '_ | '_| | '_ \/ _` | \ \ \ \
 \\/  ___)| |_)| | | | | || (_| |  ) ) ) )
  '  |____| .__|_| |_|_| |_\__, | / / / /
 =========|_|==============|___/=/_/_/_/
 :: Spring Boot ::        (v2.2.2.RELEASE)

2020-01-08 09:26:19.682  INFO 35488 --- [    Test worker] src.controller.ImageControllerTest       : Starting ImageControllerTest on SDGL160adabd1.corp.intuit.net with PID 35488 (started by tnguyen38 in /Users/tnguyen38/Developer/github/image-reader)
2020-01-08 09:26:19.683  INFO 35488 --- [    Test worker] src.controller.ImageControllerTest       : No active profile set, falling back to default profiles: default
2020-01-08 09:26:20.146  INFO 35488 --- [    Test worker] o.s.s.concurrent.ThreadPoolTaskExecutor  : Initializing ExecutorService 'applicationTaskExecutor'
2020-01-08 09:26:20.265  INFO 35488 --- [    Test worker] o.s.b.t.m.w.SpringBootMockServletContext : Initializing Spring TestDispatcherServlet ''
2020-01-08 09:26:20.265  INFO 35488 --- [    Test worker] o.s.t.web.servlet.TestDispatcherServlet  : Initializing Servlet ''
2020-01-08 09:26:20.267  INFO 35488 --- [    Test worker] o.s.t.web.servlet.TestDispatcherServlet  : Completed initialization in 1 ms
2020-01-08 09:26:20.280  INFO 35488 --- [    Test worker] src.controller.ImageControllerTest       : Started ImageControllerTest in 0.618 seconds (JVM running for 4.063)
2020-01-08 09:26:20.310  INFO 35488 --- [    Test worker] src.controller.ImageController           : Searching requested image
2020-01-08 09:26:20.316 ERROR 35488 --- [    Test worker] s.controller.ExceptionHandlerController  : Error: errorCode=INTERNAL_SERVER_ERROR, errorMessage=Error Message
2020-01-08 09:26:20.335  INFO 35488 --- [    Test worker] src.controller.ImageController           : Searching requested image
2020-01-08 09:26:20.335  INFO 35488 --- [    Test worker] src.controller.ImageController           : Finished searching for image
2020-01-08 09:26:20.344  INFO 35488 --- [    Test worker] src.controller.ImageController           : Searching requested image
2020-01-08 09:26:20.345  INFO 35488 --- [    Test worker] src.controller.ImageController           : Finished searching for image
]]></system-out>
  <system-err><![CDATA[]]></system-err>
</testsuite>
