<?xml version="1.0" encoding="UTF-8"?>
<testsuite name="src.service.ImageResourceLoadImplTest" tests="2" skipped="0" failures="0" errors="0" timestamp="2019-12-30T02:42:50" hostname="SDGL160adabd1.corp.intuit.net" time="0.002">
  <properties/>
  <testcase name="testException" classname="src.service.ImageResourceLoadImplTest" time="0.001"/>
  <testcase name="testGetPerfectImage" classname="src.service.ImageResourceLoadImplTest" time="0.001"/>
  <system-out><![CDATA[]]></system-out>
  <system-err><![CDATA[]]></system-err>
</testsuite>
