<?xml version="1.0" encoding="UTF-8"?>
<testsuite name="src.controller.ImageControllerTest" tests="3" skipped="0" failures="0" errors="0" timestamp="2019-12-30T17:45:31" hostname="SDGL160adabd1.corp.intuit.net" time="0.072">
  <properties/>
  <testcase name="testExceptionThrown" classname="src.controller.ImageControllerTest" time="0.053"/>
  <testcase name="testFindTwoMatches" classname="src.controller.ImageControllerTest" time="0.013"/>
  <testcase name="testFindZeroMatches" classname="src.controller.ImageControllerTest" time="0.004"/>
  <system-out><![CDATA[2019-12-30 09:45:30.871  INFO 73775 --- [    Test worker] o.s.t.c.support.AbstractContextLoader    : Could not detect default resource locations for test class [src.controller.ImageControllerTest]: no resource found for suffixes {-context.xml, Context.groovy}.
2019-12-30 09:45:30.886  INFO 73775 --- [    Test worker] .b.t.a.w.s.WebMvcTestContextBootstrapper : Loaded default TestExecutionListener class names from location [META-INF/spring.factories]: [org.springframework.boot.test.autoconfigure.restdocs.RestDocsTestExecutionListener, org.springframework.boot.test.autoconfigure.web.client.MockRestServiceServerResetTestExecutionListener, org.springframework.boot.test.autoconfigure.web.servlet.MockMvcPrintOnlyOnFailureTestExecutionListener, org.springframework.boot.test.autoconfigure.web.servlet.WebDriverTestExecutionListener, org.springframework.boot.test.mock.mockito.MockitoTestExecutionListener, org.springframework.boot.test.mock.mockito.ResetMocksTestExecutionListener, org.springframework.test.context.web.ServletTestExecutionListener, org.springframework.test.context.support.DirtiesContextBeforeModesTestExecutionListener, org.springframework.test.context.support.DependencyInjectionTestExecutionListener, org.springframework.test.context.support.DirtiesContextTestExecutionListener, org.springframework.test.context.transaction.TransactionalTestExecutionListener, org.springframework.test.context.jdbc.SqlScriptsTestExecutionListener, org.springframework.test.context.event.EventPublishingTestExecutionListener]
2019-12-30 09:45:30.887  INFO 73775 --- [    Test worker] .b.t.a.w.s.WebMvcTestContextBootstrapper : Using TestExecutionListeners: [org.springframework.test.context.web.ServletTestExecutionListener@4b302a15, org.springframework.test.context.support.DirtiesContextBeforeModesTestExecutionListener@6198ac4a, org.springframework.boot.test.mock.mockito.MockitoTestExecutionListener@7053cf4f, org.springframework.boot.test.autoconfigure.SpringBootDependencyInjectionTestExecutionListener@3db2e504, org.springframework.test.context.support.DirtiesContextTestExecutionListener@77980025, org.springframework.test.context.event.EventPublishingTestExecutionListener@53c60860, org.springframework.boot.test.autoconfigure.restdocs.RestDocsTestExecutionListener@3d018ce0, org.springframework.boot.test.autoconfigure.web.client.MockRestServiceServerResetTestExecutionListener@1731d481, org.springframework.boot.test.autoconfigure.web.servlet.MockMvcPrintOnlyOnFailureTestExecutionListener@201f776a, org.springframework.boot.test.autoconfigure.web.servlet.WebDriverTestExecutionListener@4379fe01, org.springframework.boot.test.mock.mockito.ResetMocksTestExecutionListener@722e0c02]

  .   ____          _            __ _ _
 /\\ / ___'_ __ _ _(_)_ __  __ _ \ \ \ \
( ( )\___ | '_ | '_| | '_ \/ _` | \ \ \ \
 \\/  ___)| |_)| | | | | || (_| |  ) ) ) )
  '  |____| .__|_| |_|_| |_\__, | / / / /
 =========|_|==============|___/=/_/_/_/
 :: Spring Boot ::        (v2.2.2.RELEASE)

2019-12-30 09:45:30.911  INFO 73775 --- [    Test worker] src.controller.ImageControllerTest       : Starting ImageControllerTest on SDGL160adabd1.corp.intuit.net with PID 73775 (started by tnguyen38 in /Users/tnguyen38/Developer/github/catReader)
2019-12-30 09:45:30.912  INFO 73775 --- [    Test worker] src.controller.ImageControllerTest       : No active profile set, falling back to default profiles: default
2019-12-30 09:45:31.466  INFO 73775 --- [    Test worker] o.s.s.concurrent.ThreadPoolTaskExecutor  : Initializing ExecutorService 'applicationTaskExecutor'
2019-12-30 09:45:31.594  INFO 73775 --- [    Test worker] o.s.b.t.m.w.SpringBootMockServletContext : Initializing Spring TestDispatcherServlet ''
2019-12-30 09:45:31.595  INFO 73775 --- [    Test worker] o.s.t.web.servlet.TestDispatcherServlet  : Initializing Servlet ''
2019-12-30 09:45:31.596  INFO 73775 --- [    Test worker] o.s.t.web.servlet.TestDispatcherServlet  : Completed initialization in 1 ms
2019-12-30 09:45:31.615  INFO 73775 --- [    Test worker] src.controller.ImageControllerTest       : Started ImageControllerTest in 0.721 seconds (JVM running for 4.163)
2019-12-30 09:45:31.650  INFO 73775 --- [    Test worker] src.controller.ImageController           : Scanning requested image
2019-12-30 09:45:31.657 ERROR 73775 --- [    Test worker] s.controller.ExceptionHandlerController  : Error: errorCode=INTERNAL_SERVER_ERROR, errorMessage=Error Message
2019-12-30 09:45:31.679  INFO 73775 --- [    Test worker] src.controller.ImageController           : Scanning requested image
2019-12-30 09:45:31.679  INFO 73775 --- [    Test worker] src.controller.ImageController           : Finished scanning requested image
2019-12-30 09:45:31.688  INFO 73775 --- [    Test worker] src.controller.ImageController           : Scanning requested image
2019-12-30 09:45:31.689  INFO 73775 --- [    Test worker] src.controller.ImageController           : Finished scanning requested image
]]></system-out>
  <system-err><![CDATA[]]></system-err>
</testsuite>
