<?xml version="1.0" encoding="UTF-8"?>
<testsuite name="src.service.ImageServiceImplTest" tests="7" skipped="0" failures="0" errors="0" timestamp="2020-01-08T17:26:20" hostname="SDGL160adabd1.corp.intuit.net" time="0.049">
  <properties/>
  <testcase name="testException" classname="src.service.ImageServiceImplTest" time="0.041"/>
  <testcase name="testNotValidSizeHeightException" classname="src.service.ImageServiceImplTest" time="0.002"/>
  <testcase name="testProcess" classname="src.service.ImageServiceImplTest" time="0.001"/>
  <testcase name="testSameSizeShouldReturnOneMatch" classname="src.service.ImageServiceImplTest" time="0.001"/>
  <testcase name="testNotValidTypeException" classname="src.service.ImageServiceImplTest" time="0.001"/>
  <testcase name="testShouldReturnOneMatchLarger" classname="src.service.ImageServiceImplTest" time="0.002"/>
  <testcase name="testNotValidSizeWidthException" classname="src.service.ImageServiceImplTest" time="0.001"/>
  <system-out><![CDATA[2020-01-08 09:26:20.456  INFO 35488 --- [    Test worker] src.service.impl.ImageServiceImpl        : Successfully matched images matches=[Match(x=0, y=0, confidence=100.0), Match(x=1, y=1, confidence=100.0)]
2020-01-08 09:26:20.457  INFO 35488 --- [    Test worker] src.service.impl.ImageServiceImpl        : Successfully matched images matches=[Match(x=0, y=0, confidence=100.0)]
2020-01-08 09:26:20.460  INFO 35488 --- [    Test worker] src.service.impl.ImageServiceImpl        : Successfully matched images matches=[Match(x=0, y=0, confidence=88.88)]
]]></system-out>
  <system-err><![CDATA[]]></system-err>
</testsuite>
