<?xml version="1.0" encoding="UTF-8"?>
<testsuite name="src.service.ImageResourceLoadImplTest" tests="2" skipped="0" failures="0" errors="0" timestamp="2019-12-29T19:40:16" hostname="SDGL160adabd1.corp.intuit.net" time="0.008">
  <properties/>
  <testcase name="testException" classname="src.service.ImageResourceLoadImplTest" time="0.005"/>
  <testcase name="testGetPerfectImage" classname="src.service.ImageResourceLoadImplTest" time="0.003"/>
  <system-out><![CDATA[]]></system-out>
  <system-err><![CDATA[]]></system-err>
</testsuite>
