<?xml version="1.0" encoding="UTF-8"?>
<testsuite name="src.controller.ImageControllerTest" tests="3" skipped="0" failures="0" errors="0" timestamp="2019-12-30T02:42:50" hostname="SDGL160adabd1.corp.intuit.net" time="0.073">
  <properties/>
  <testcase name="testExceptionThrown" classname="src.controller.ImageControllerTest" time="0.043"/>
  <testcase name="testFindTwoMatches" classname="src.controller.ImageControllerTest" time="0.022"/>
  <testcase name="testFindZeroMatches" classname="src.controller.ImageControllerTest" time="0.006"/>
  <system-out><![CDATA[2019-12-29 18:42:49.963  INFO 49415 --- [    Test worker] o.s.t.c.support.AbstractContextLoader    : Could not detect default resource locations for test class [src.controller.ImageControllerTest]: no resource found for suffixes {-context.xml, Context.groovy}.
2019-12-29 18:42:49.976  INFO 49415 --- [    Test worker] .b.t.a.w.s.WebMvcTestContextBootstrapper : Loaded default TestExecutionListener class names from location [META-INF/spring.factories]: [org.springframework.boot.test.autoconfigure.restdocs.RestDocsTestExecutionListener, org.springframework.boot.test.autoconfigure.web.client.MockRestServiceServerResetTestExecutionListener, org.springframework.boot.test.autoconfigure.web.servlet.MockMvcPrintOnlyOnFailureTestExecutionListener, org.springframework.boot.test.autoconfigure.web.servlet.WebDriverTestExecutionListener, org.springframework.boot.test.mock.mockito.MockitoTestExecutionListener, org.springframework.boot.test.mock.mockito.ResetMocksTestExecutionListener, org.springframework.test.context.web.ServletTestExecutionListener, org.springframework.test.context.support.DirtiesContextBeforeModesTestExecutionListener, org.springframework.test.context.support.DependencyInjectionTestExecutionListener, org.springframework.test.context.support.DirtiesContextTestExecutionListener, org.springframework.test.context.transaction.TransactionalTestExecutionListener, org.springframework.test.context.jdbc.SqlScriptsTestExecutionListener, org.springframework.test.context.event.EventPublishingTestExecutionListener]
2019-12-29 18:42:49.978  INFO 49415 --- [    Test worker] .b.t.a.w.s.WebMvcTestContextBootstrapper : Using TestExecutionListeners: [org.springframework.test.context.web.ServletTestExecutionListener@237ac108, org.springframework.test.context.support.DirtiesContextBeforeModesTestExecutionListener@23cfae36, org.springframework.boot.test.mock.mockito.MockitoTestExecutionListener@2ea01ec0, org.springframework.boot.test.autoconfigure.SpringBootDependencyInjectionTestExecutionListener@31fda989, org.springframework.test.context.support.DirtiesContextTestExecutionListener@447a5c3f, org.springframework.test.context.event.EventPublishingTestExecutionListener@1a9ae498, org.springframework.boot.test.autoconfigure.restdocs.RestDocsTestExecutionListener@3462bf15, org.springframework.boot.test.autoconfigure.web.client.MockRestServiceServerResetTestExecutionListener@680fe9f1, org.springframework.boot.test.autoconfigure.web.servlet.MockMvcPrintOnlyOnFailureTestExecutionListener@7e82cb6b, org.springframework.boot.test.autoconfigure.web.servlet.WebDriverTestExecutionListener@33714e07, org.springframework.boot.test.mock.mockito.ResetMocksTestExecutionListener@12cad56b]

  .   ____          _            __ _ _
 /\\ / ___'_ __ _ _(_)_ __  __ _ \ \ \ \
( ( )\___ | '_ | '_| | '_ \/ _` | \ \ \ \
 \\/  ___)| |_)| | | | | || (_| |  ) ) ) )
  '  |____| .__|_| |_|_| |_\__, | / / / /
 =========|_|==============|___/=/_/_/_/
 :: Spring Boot ::        (v2.2.2.RELEASE)

2019-12-29 18:42:50.001  INFO 49415 --- [    Test worker] src.controller.ImageControllerTest       : Starting ImageControllerTest on SDGL160adabd1.corp.intuit.net with PID 49415 (started by tnguyen38 in /Users/tnguyen38/Developer/github/catReader)
2019-12-29 18:42:50.002  INFO 49415 --- [    Test worker] src.controller.ImageControllerTest       : No active profile set, falling back to default profiles: default
2019-12-29 18:42:50.573  INFO 49415 --- [    Test worker] o.s.s.concurrent.ThreadPoolTaskExecutor  : Initializing ExecutorService 'applicationTaskExecutor'
2019-12-29 18:42:50.689  INFO 49415 --- [    Test worker] o.s.b.t.m.w.SpringBootMockServletContext : Initializing Spring TestDispatcherServlet ''
2019-12-29 18:42:50.689  INFO 49415 --- [    Test worker] o.s.t.web.servlet.TestDispatcherServlet  : Initializing Servlet ''
2019-12-29 18:42:50.691  INFO 49415 --- [    Test worker] o.s.t.web.servlet.TestDispatcherServlet  : Completed initialization in 2 ms
2019-12-29 18:42:50.720  INFO 49415 --- [    Test worker] src.controller.ImageControllerTest       : Started ImageControllerTest in 0.736 seconds (JVM running for 4.348)
2019-12-29 18:42:50.752  INFO 49415 --- [    Test worker] src.controller.ImageController           : Scanning requested image
2019-12-29 18:42:50.756 ERROR 49415 --- [    Test worker] s.controller.ExceptionHandlerController  : Error: errorCode=INTERNAL_SERVER_ERROR, errorMessage=Error Message
2019-12-29 18:42:50.775  INFO 49415 --- [    Test worker] src.controller.ImageController           : Scanning requested image
2019-12-29 18:42:50.775  INFO 49415 --- [    Test worker] src.controller.ImageController           : Finished scanning requested image
2019-12-29 18:42:50.793  INFO 49415 --- [    Test worker] src.controller.ImageController           : Scanning requested image
2019-12-29 18:42:50.793  INFO 49415 --- [    Test worker] src.controller.ImageController           : Finished scanning requested image
]]></system-out>
  <system-err><![CDATA[]]></system-err>
</testsuite>
