<?xml version="1.0" encoding="UTF-8"?>
<testsuite name="src.service.ImageServiceImplTest" tests="7" skipped="0" failures="0" errors="0" timestamp="2019-12-30T02:42:50" hostname="SDGL160adabd1.corp.intuit.net" time="0.117">
  <properties/>
  <testcase name="testException" classname="src.service.ImageServiceImplTest" time="0.108"/>
  <testcase name="testNotValidSizeHeightException" classname="src.service.ImageServiceImplTest" time="0.001"/>
  <testcase name="testProcess" classname="src.service.ImageServiceImplTest" time="0.002"/>
  <testcase name="testSameSizeShouldReturnOneMatch" classname="src.service.ImageServiceImplTest" time="0.001"/>
  <testcase name="testNotValidTypeException" classname="src.service.ImageServiceImplTest" time="0.001"/>
  <testcase name="testShouldReturnOneMatchLarger" classname="src.service.ImageServiceImplTest" time="0.001"/>
  <testcase name="testNotValidSizeWidthException" classname="src.service.ImageServiceImplTest" time="0.002"/>
  <system-out><![CDATA[2019-12-29 18:42:50.918  INFO 49415 --- [    Test worker] src.service.impl.ImageServiceImpl        : Successfully matched images matches=[Match(x=0, y=0, confidence=100.0), Match(x=1, y=1, confidence=100.0)]
2019-12-29 18:42:50.919  INFO 49415 --- [    Test worker] src.service.impl.ImageServiceImpl        : Successfully matched images matches=[Match(x=0, y=0, confidence=100.0)]
2019-12-29 18:42:50.921  INFO 49415 --- [    Test worker] src.service.impl.ImageServiceImpl        : Successfully matched images matches=[Match(x=0, y=0, confidence=88.88)]
]]></system-out>
  <system-err><![CDATA[]]></system-err>
</testsuite>
