<?xml version="1.0" encoding="UTF-8"?>
<testsuite name="src.service.ImageConverterImplTest" tests="6" skipped="0" failures="0" errors="0" timestamp="2019-12-30T04:10:31" hostname="SDGL160adabd1.corp.intuit.net" time="0.005">
  <properties/>
  <testcase name="testEmptyScanNull" classname="src.service.ImageConverterImplTest" time="0.001"/>
  <testcase name="testWhiteSpacesCenter" classname="src.service.ImageConverterImplTest" time="0.001"/>
  <testcase name="testSingleLineImage" classname="src.service.ImageConverterImplTest" time="0.001"/>
  <testcase name="testEmptyScan" classname="src.service.ImageConverterImplTest" time="0.001"/>
  <testcase name="testConvert" classname="src.service.ImageConverterImplTest" time="0.001"/>
  <testcase name="testSinglePixel" classname="src.service.ImageConverterImplTest" time="0.0"/>
  <system-out><![CDATA[2019-12-29 20:10:31.465  INFO 56967 --- [    Test worker] src.service.impl.ImageConverterImpl      : Successfully converted requested image body. width=2.0 height=2.0
2019-12-29 20:10:31.466  INFO 56967 --- [    Test worker] src.service.impl.ImageConverterImpl      : Successfully converted requested image body. width=2.0 height=1.0
2019-12-29 20:10:31.468  INFO 56967 --- [    Test worker] src.service.impl.ImageConverterImpl      : Successfully converted requested image body. width=3.0 height=3.0
2019-12-29 20:10:31.469  INFO 56967 --- [    Test worker] src.service.impl.ImageConverterImpl      : Successfully converted requested image body. width=1.0 height=1.0
]]></system-out>
  <system-err><![CDATA[]]></system-err>
</testsuite>
