<?xml version="1.0" encoding="UTF-8"?>
<testsuite name="src.controller.ImageControllerTest" tests="3" skipped="0" failures="0" errors="0" timestamp="2019-12-30T04:10:31" hostname="SDGL160adabd1.corp.intuit.net" time="0.083">
  <properties/>
  <testcase name="testExceptionThrown" classname="src.controller.ImageControllerTest" time="0.055"/>
  <testcase name="testFindTwoMatches" classname="src.controller.ImageControllerTest" time="0.018"/>
  <testcase name="testFindZeroMatches" classname="src.controller.ImageControllerTest" time="0.007"/>
  <system-out><![CDATA[2019-12-29 20:10:30.489  INFO 56967 --- [    Test worker] o.s.t.c.support.AbstractContextLoader    : Could not detect default resource locations for test class [src.controller.ImageControllerTest]: no resource found for suffixes {-context.xml, Context.groovy}.
2019-12-29 20:10:30.505  INFO 56967 --- [    Test worker] .b.t.a.w.s.WebMvcTestContextBootstrapper : Loaded default TestExecutionListener class names from location [META-INF/spring.factories]: [org.springframework.boot.test.autoconfigure.restdocs.RestDocsTestExecutionListener, org.springframework.boot.test.autoconfigure.web.client.MockRestServiceServerResetTestExecutionListener, org.springframework.boot.test.autoconfigure.web.servlet.MockMvcPrintOnlyOnFailureTestExecutionListener, org.springframework.boot.test.autoconfigure.web.servlet.WebDriverTestExecutionListener, org.springframework.boot.test.mock.mockito.MockitoTestExecutionListener, org.springframework.boot.test.mock.mockito.ResetMocksTestExecutionListener, org.springframework.test.context.web.ServletTestExecutionListener, org.springframework.test.context.support.DirtiesContextBeforeModesTestExecutionListener, org.springframework.test.context.support.DependencyInjectionTestExecutionListener, org.springframework.test.context.support.DirtiesContextTestExecutionListener, org.springframework.test.context.transaction.TransactionalTestExecutionListener, org.springframework.test.context.jdbc.SqlScriptsTestExecutionListener, org.springframework.test.context.event.EventPublishingTestExecutionListener]
2019-12-29 20:10:30.506  INFO 56967 --- [    Test worker] .b.t.a.w.s.WebMvcTestContextBootstrapper : Using TestExecutionListeners: [org.springframework.test.context.web.ServletTestExecutionListener@6b30f753, org.springframework.test.context.support.DirtiesContextBeforeModesTestExecutionListener@15a05b66, org.springframework.boot.test.mock.mockito.MockitoTestExecutionListener@bd0e833, org.springframework.boot.test.autoconfigure.SpringBootDependencyInjectionTestExecutionListener@6b3aeb12, org.springframework.test.context.support.DirtiesContextTestExecutionListener@7dc1349, org.springframework.test.context.event.EventPublishingTestExecutionListener@103013bf, org.springframework.boot.test.autoconfigure.restdocs.RestDocsTestExecutionListener@1cadf0fa, org.springframework.boot.test.autoconfigure.web.client.MockRestServiceServerResetTestExecutionListener@20f3ea06, org.springframework.boot.test.autoconfigure.web.servlet.MockMvcPrintOnlyOnFailureTestExecutionListener@47d2f30a, org.springframework.boot.test.autoconfigure.web.servlet.WebDriverTestExecutionListener@57efbda4, org.springframework.boot.test.mock.mockito.ResetMocksTestExecutionListener@24b6ad83]

  .   ____          _            __ _ _
 /\\ / ___'_ __ _ _(_)_ __  __ _ \ \ \ \
( ( )\___ | '_ | '_| | '_ \/ _` | \ \ \ \
 \\/  ___)| |_)| | | | | || (_| |  ) ) ) )
  '  |____| .__|_| |_|_| |_\__, | / / / /
 =========|_|==============|___/=/_/_/_/
 :: Spring Boot ::        (v2.2.2.RELEASE)

2019-12-29 20:10:30.539  INFO 56967 --- [    Test worker] src.controller.ImageControllerTest       : Starting ImageControllerTest on SDGL160adabd1.corp.intuit.net with PID 56967 (started by tnguyen38 in /Users/tnguyen38/Developer/github/catReader)
2019-12-29 20:10:30.540  INFO 56967 --- [    Test worker] src.controller.ImageControllerTest       : No active profile set, falling back to default profiles: default
2019-12-29 20:10:31.064  INFO 56967 --- [    Test worker] o.s.s.concurrent.ThreadPoolTaskExecutor  : Initializing ExecutorService 'applicationTaskExecutor'
2019-12-29 20:10:31.216  INFO 56967 --- [    Test worker] o.s.b.t.m.w.SpringBootMockServletContext : Initializing Spring TestDispatcherServlet ''
2019-12-29 20:10:31.217  INFO 56967 --- [    Test worker] o.s.t.web.servlet.TestDispatcherServlet  : Initializing Servlet ''
2019-12-29 20:10:31.218  INFO 56967 --- [    Test worker] o.s.t.web.servlet.TestDispatcherServlet  : Completed initialization in 1 ms
2019-12-29 20:10:31.233  INFO 56967 --- [    Test worker] src.controller.ImageControllerTest       : Started ImageControllerTest in 0.719 seconds (JVM running for 4.254)
2019-12-29 20:10:31.271  INFO 56967 --- [    Test worker] src.controller.ImageController           : Scanning requested image
2019-12-29 20:10:31.278 ERROR 56967 --- [    Test worker] s.controller.ExceptionHandlerController  : Error: errorCode=INTERNAL_SERVER_ERROR, errorMessage=Error Message
2019-12-29 20:10:31.304  INFO 56967 --- [    Test worker] src.controller.ImageController           : Scanning requested image
2019-12-29 20:10:31.304  INFO 56967 --- [    Test worker] src.controller.ImageController           : Finished scanning requested image
2019-12-29 20:10:31.318  INFO 56967 --- [    Test worker] src.controller.ImageController           : Scanning requested image
2019-12-29 20:10:31.319  INFO 56967 --- [    Test worker] src.controller.ImageController           : Finished scanning requested image
]]></system-out>
  <system-err><![CDATA[]]></system-err>
</testsuite>
