<?xml version="1.0" encoding="UTF-8"?>
<testsuite name="src.service.ImageResourceLoadImplTest" tests="1" skipped="0" failures="0" errors="0" timestamp="2019-12-29T04:31:39" hostname="SDGL160adabd1.corp.intuit.net" time="0.022">
  <properties/>
  <testcase name="testGetPerfectImage" classname="src.service.ImageResourceLoadImplTest" time="0.022"/>
  <system-out><![CDATA[]]></system-out>
  <system-err><![CDATA[]]></system-err>
</testsuite>
