<?xml version="1.0" encoding="UTF-8"?>
<testsuite name="e2e.FindImageTests.FindImageTests" tests="1" skipped="0" failures="0" errors="0" timestamp="2020-01-08T04:42:47" hostname="SDGL160adabd1.corp.intuit.net" time="0.474">
  <properties/>
  <testcase name="testFindImage" classname="e2e.FindImageTests.FindImageTests" time="0.474"/>
  <system-out><![CDATA[20:42:45.861 [Test worker] DEBUG org.springframework.test.context.junit4.SpringJUnit4ClassRunner - SpringJUnit4ClassRunner constructor called with [class e2e.FindImageTests.FindImageTests]
20:42:45.868 [Test worker] DEBUG org.springframework.test.context.BootstrapUtils - Instantiating CacheAwareContextLoaderDelegate from class [org.springframework.test.context.cache.DefaultCacheAwareContextLoaderDelegate]
20:42:45.874 [Test worker] DEBUG org.springframework.test.context.BootstrapUtils - Instantiating BootstrapContext using constructor [public org.springframework.test.context.support.DefaultBootstrapContext(java.lang.Class,org.springframework.test.context.CacheAwareContextLoaderDelegate)]
20:42:45.906 [Test worker] DEBUG org.springframework.test.context.BootstrapUtils - Instantiating TestContextBootstrapper for test class [e2e.FindImageTests.FindImageTests] from class [org.springframework.boot.test.context.SpringBootTestContextBootstrapper]
20:42:45.928 [Test worker] DEBUG org.springframework.test.context.support.AbstractContextLoader - Did not detect default resource location for test class [e2e.FindImageTests.FindImageTests]: class path resource [e2e/FindImageTests/FindImageTests-context.xml] does not exist
20:42:45.928 [Test worker] DEBUG org.springframework.test.context.support.AbstractContextLoader - Did not detect default resource location for test class [e2e.FindImageTests.FindImageTests]: class path resource [e2e/FindImageTests/FindImageTestsContext.groovy] does not exist
20:42:45.929 [Test worker] INFO org.springframework.test.context.support.AbstractContextLoader - Could not detect default resource locations for test class [e2e.FindImageTests.FindImageTests]: no resource found for suffixes {-context.xml, Context.groovy}.
20:42:45.963 [Test worker] DEBUG org.springframework.test.context.support.ActiveProfilesUtils - Could not find an 'annotation declaring class' for annotation type [org.springframework.test.context.ActiveProfiles] and class [e2e.FindImageTests.FindImageTests]
20:42:46.059 [Test worker] DEBUG org.springframework.boot.test.context.SpringBootTestContextBootstrapper - @TestExecutionListeners is not present for class [e2e.FindImageTests.FindImageTests]: using defaults.
20:42:46.060 [Test worker] INFO org.springframework.boot.test.context.SpringBootTestContextBootstrapper - Loaded default TestExecutionListener class names from location [META-INF/spring.factories]: [org.springframework.boot.test.autoconfigure.restdocs.RestDocsTestExecutionListener, org.springframework.boot.test.autoconfigure.web.client.MockRestServiceServerResetTestExecutionListener, org.springframework.boot.test.autoconfigure.web.servlet.MockMvcPrintOnlyOnFailureTestExecutionListener, org.springframework.boot.test.autoconfigure.web.servlet.WebDriverTestExecutionListener, org.springframework.boot.test.mock.mockito.MockitoTestExecutionListener, org.springframework.boot.test.mock.mockito.ResetMocksTestExecutionListener, org.springframework.test.context.web.ServletTestExecutionListener, org.springframework.test.context.support.DirtiesContextBeforeModesTestExecutionListener, org.springframework.test.context.support.DependencyInjectionTestExecutionListener, org.springframework.test.context.support.DirtiesContextTestExecutionListener, org.springframework.test.context.transaction.TransactionalTestExecutionListener, org.springframework.test.context.jdbc.SqlScriptsTestExecutionListener, org.springframework.test.context.event.EventPublishingTestExecutionListener]
20:42:46.068 [Test worker] DEBUG org.springframework.boot.test.context.SpringBootTestContextBootstrapper - Skipping candidate TestExecutionListener [org.springframework.test.context.transaction.TransactionalTestExecutionListener] due to a missing dependency. Specify custom listener classes or make the default listener classes and their required dependencies available. Offending class: [org/springframework/transaction/interceptor/TransactionAttributeSource]
20:42:46.069 [Test worker] DEBUG org.springframework.boot.test.context.SpringBootTestContextBootstrapper - Skipping candidate TestExecutionListener [org.springframework.test.context.jdbc.SqlScriptsTestExecutionListener] due to a missing dependency. Specify custom listener classes or make the default listener classes and their required dependencies available. Offending class: [org/springframework/transaction/interceptor/TransactionAttribute]
20:42:46.069 [Test worker] INFO org.springframework.boot.test.context.SpringBootTestContextBootstrapper - Using TestExecutionListeners: [org.springframework.test.context.web.ServletTestExecutionListener@1d4f3d3, org.springframework.test.context.support.DirtiesContextBeforeModesTestExecutionListener@6fcbadb6, org.springframework.boot.test.mock.mockito.MockitoTestExecutionListener@b2c4b9d, org.springframework.boot.test.autoconfigure.SpringBootDependencyInjectionTestExecutionListener@446c42d3, org.springframework.test.context.support.DirtiesContextTestExecutionListener@62007be6, org.springframework.test.context.event.EventPublishingTestExecutionListener@5094dc0d, org.springframework.boot.test.autoconfigure.restdocs.RestDocsTestExecutionListener@398d1521, org.springframework.boot.test.autoconfigure.web.client.MockRestServiceServerResetTestExecutionListener@1f51a219, org.springframework.boot.test.autoconfigure.web.servlet.MockMvcPrintOnlyOnFailureTestExecutionListener@7e6f355e, org.springframework.boot.test.autoconfigure.web.servlet.WebDriverTestExecutionListener@86dea2a, org.springframework.boot.test.mock.mockito.ResetMocksTestExecutionListener@5998c21b]
20:42:46.071 [Test worker] DEBUG org.springframework.test.annotation.ProfileValueUtils - Retrieved @ProfileValueSourceConfiguration [null] for test class [e2e.FindImageTests.FindImageTests]
20:42:46.072 [Test worker] DEBUG org.springframework.test.annotation.ProfileValueUtils - Retrieved ProfileValueSource type [class org.springframework.test.annotation.SystemProfileValueSource] for class [e2e.FindImageTests.FindImageTests]
20:42:46.073 [Test worker] DEBUG org.springframework.test.annotation.ProfileValueUtils - Retrieved @ProfileValueSourceConfiguration [null] for test class [e2e.FindImageTests.FindImageTests]
20:42:46.073 [Test worker] DEBUG org.springframework.test.annotation.ProfileValueUtils - Retrieved ProfileValueSource type [class org.springframework.test.annotation.SystemProfileValueSource] for class [e2e.FindImageTests.FindImageTests]
20:42:46.077 [Test worker] DEBUG org.springframework.test.context.support.AbstractDirtiesContextTestExecutionListener - Before test class: context [DefaultTestContext@1cd45751 testClass = FindImageTests, testInstance = [null], testMethod = [null], testException = [null], mergedContextConfiguration = [WebMergedContextConfiguration@3bc02d18 testClass = FindImageTests, locations = '{}', classes = '{class src.Application}', contextInitializerClasses = '[]', activeProfiles = '{}', propertySourceLocations = '{}', propertySourceProperties = '{org.springframework.boot.test.context.SpringBootTestContextBootstrapper=true, server.port=0}', contextCustomizers = set[org.springframework.boot.test.autoconfigure.properties.PropertyMappingContextCustomizer@0, org.springframework.boot.test.autoconfigure.web.servlet.WebDriverContextCustomizerFactory$Customizer@14a30536, org.springframework.boot.test.context.filter.ExcludeFilterContextCustomizer@49beb204, org.springframework.boot.test.json.DuplicateJsonObjectContextCustomizerFactory$DuplicateJsonObjectContextCustomizer@1bf2482e, org.springframework.boot.test.mock.mockito.MockitoContextCustomizer@0, org.springframework.boot.test.web.client.TestRestTemplateContextCustomizer@762fffd8], resourceBasePath = 'src/main/webapp', contextLoader = 'org.springframework.boot.test.context.SpringBootContextLoader', parent = [null]], attributes = map['org.springframework.test.context.web.ServletTestExecutionListener.activateListener' -> false]], class annotated with @DirtiesContext [false] with mode [null].
20:42:46.079 [Test worker] DEBUG org.springframework.test.annotation.ProfileValueUtils - Retrieved @ProfileValueSourceConfiguration [null] for test class [e2e.FindImageTests.FindImageTests]
20:42:46.079 [Test worker] DEBUG org.springframework.test.annotation.ProfileValueUtils - Retrieved ProfileValueSource type [class org.springframework.test.annotation.SystemProfileValueSource] for class [e2e.FindImageTests.FindImageTests]
20:42:46.083 [Test worker] DEBUG org.springframework.test.context.support.DependencyInjectionTestExecutionListener - Performing dependency injection for test context [[DefaultTestContext@1cd45751 testClass = FindImageTests, testInstance = e2e.FindImageTests.FindImageTests@7ca276, testMethod = [null], testException = [null], mergedContextConfiguration = [WebMergedContextConfiguration@3bc02d18 testClass = FindImageTests, locations = '{}', classes = '{class src.Application}', contextInitializerClasses = '[]', activeProfiles = '{}', propertySourceLocations = '{}', propertySourceProperties = '{org.springframework.boot.test.context.SpringBootTestContextBootstrapper=true, server.port=0}', contextCustomizers = set[org.springframework.boot.test.autoconfigure.properties.PropertyMappingContextCustomizer@0, org.springframework.boot.test.autoconfigure.web.servlet.WebDriverContextCustomizerFactory$Customizer@14a30536, org.springframework.boot.test.context.filter.ExcludeFilterContextCustomizer@49beb204, org.springframework.boot.test.json.DuplicateJsonObjectContextCustomizerFactory$DuplicateJsonObjectContextCustomizer@1bf2482e, org.springframework.boot.test.mock.mockito.MockitoContextCustomizer@0, org.springframework.boot.test.web.client.TestRestTemplateContextCustomizer@762fffd8], resourceBasePath = 'src/main/webapp', contextLoader = 'org.springframework.boot.test.context.SpringBootContextLoader', parent = [null]], attributes = map['org.springframework.test.context.web.ServletTestExecutionListener.activateListener' -> false]]].
20:42:46.102 [Test worker] DEBUG org.springframework.test.context.support.TestPropertySourceUtils - Adding inlined properties to environment: {spring.jmx.enabled=false, org.springframework.boot.test.context.SpringBootTestContextBootstrapper=true, server.port=0}

  .   ____          _            __ _ _
 /\\ / ___'_ __ _ _(_)_ __  __ _ \ \ \ \
( ( )\___ | '_ | '_| | '_ \/ _` | \ \ \ \
 \\/  ___)| |_)| | | | | || (_| |  ) ) ) )
  '  |____| .__|_| |_|_| |_\__, | / / / /
 =========|_|==============|___/=/_/_/_/
 :: Spring Boot ::        (v2.2.2.RELEASE)

2020-01-07 20:42:46.296  INFO 29242 --- [    Test worker] e2e.FindImageTests.FindImageTests        : Starting FindImageTests on SDGL160adabd1.corp.intuit.net with PID 29242 (started by tnguyen38 in /Users/tnguyen38/Developer/github/catReader)
2020-01-07 20:42:46.297  INFO 29242 --- [    Test worker] e2e.FindImageTests.FindImageTests        : No active profile set, falling back to default profiles: default
2020-01-07 20:42:47.172  INFO 29242 --- [    Test worker] o.s.b.w.embedded.tomcat.TomcatWebServer  : Tomcat initialized with port(s): 0 (http)
2020-01-07 20:42:47.181  INFO 29242 --- [    Test worker] o.apache.catalina.core.StandardService   : Starting service [Tomcat]
2020-01-07 20:42:47.182  INFO 29242 --- [    Test worker] org.apache.catalina.core.StandardEngine  : Starting Servlet engine: [Apache Tomcat/9.0.29]
2020-01-07 20:42:47.242  INFO 29242 --- [    Test worker] o.a.c.c.C.[Tomcat].[localhost].[/]       : Initializing Spring embedded WebApplicationContext
2020-01-07 20:42:47.242  INFO 29242 --- [    Test worker] o.s.web.context.ContextLoader            : Root WebApplicationContext: initialization completed in 918 ms
2020-01-07 20:42:47.493  INFO 29242 --- [    Test worker] o.s.s.concurrent.ThreadPoolTaskExecutor  : Initializing ExecutorService 'applicationTaskExecutor'
2020-01-07 20:42:47.708  INFO 29242 --- [    Test worker] o.s.b.w.embedded.tomcat.TomcatWebServer  : Tomcat started on port(s): 55418 (http) with context path ''
2020-01-07 20:42:47.712  INFO 29242 --- [    Test worker] e2e.FindImageTests.FindImageTests        : Started FindImageTests in 1.607 seconds (JVM running for 2.326)
2020-01-07 20:42:47.892  INFO 29242 --- [    Test worker] e2e.FindImageTests.FindImageTests        : Making call to image match url
2020-01-07 20:42:48.063  INFO 29242 --- [o-auto-1-exec-1] o.a.c.c.C.[Tomcat].[localhost].[/]       : Initializing Spring DispatcherServlet 'dispatcherServlet'
2020-01-07 20:42:48.064  INFO 29242 --- [o-auto-1-exec-1] o.s.web.servlet.DispatcherServlet        : Initializing Servlet 'dispatcherServlet'
2020-01-07 20:42:48.081  INFO 29242 --- [o-auto-1-exec-1] o.s.web.servlet.DispatcherServlet        : Completed initialization in 17 ms
2020-01-07 20:42:48.122  INFO 29242 --- [o-auto-1-exec-1] src.controller.ImageController           : Searching requested image
2020-01-07 20:42:48.125  INFO 29242 --- [o-auto-1-exec-1] src.factory.impl.ImageFactoryImpl        : Successfully created requested image body. width=100.0 height=100.0
2020-01-07 20:42:48.129  INFO 29242 --- [o-auto-1-exec-1] src.factory.impl.ImageFactoryImpl        : Successfully created requested image body. width=15.0 height=15.0
2020-01-07 20:42:48.138  INFO 29242 --- [o-auto-1-exec-1] src.service.impl.ImageServiceImpl        : Successfully matched images matches=[Match(x=80, y=0, confidence=99.11), Match(x=45, y=1, confidence=97.77), Match(x=42, y=40, confidence=96.44), Match(x=84, y=49, confidence=96.88), Match(x=47, y=80, confidence=98.22), Match(x=84, y=84, confidence=98.66)]
2020-01-07 20:42:48.139  INFO 29242 --- [o-auto-1-exec-1] src.controller.ImageController           : Finished searching for image
2020-01-07 20:42:48.190  INFO 29242 --- [    Test worker] e2e.FindImageTests.FindImageTests        : Comparing results
]]></system-out>
  <system-err><![CDATA[]]></system-err>
</testsuite>
